[2023-01-23 12:50:18] ► [Winston 연습 어플리케이션] ▷ [error] : [uncaughtException: Cannot read properties of undefined (reading 'Console')
TypeError: Cannot read properties of undefined (reading 'Console')
    at Object.<anonymous> (/Volumes/PARK/ReadyOffice/board/myapp/modules/logger.js:58:31)
    at Module._compile (node:internal/modules/cjs/loader:1159:14)
    at Module._extensions..js (node:internal/modules/cjs/loader:1213:10)
    at Module.load (node:internal/modules/cjs/loader:1037:32)
    at Module._load (node:internal/modules/cjs/loader:878:12)
    at Module.require (node:internal/modules/cjs/loader:1061:19)
    at require (node:internal/modules/cjs/helpers:103:18)
    at Object.<anonymous> (/Volumes/PARK/ReadyOffice/board/myapp/index.js:46:16)
    at Module._compile (node:internal/modules/cjs/loader:1159:14)
    at Module._extensions..js (node:internal/modules/cjs/loader:1213:10)]$
[2023-01-23 12:50:58] ► [Winston 연습 어플리케이션] ▷ [error] : [uncaughtException: Cannot read properties of undefined (reading 'Console')
TypeError: Cannot read properties of undefined (reading 'Console')
    at Object.<anonymous> (/Volumes/PARK/ReadyOffice/board/myapp/modules/logger.js:58:31)
    at Module._compile (node:internal/modules/cjs/loader:1159:14)
    at Module._extensions..js (node:internal/modules/cjs/loader:1213:10)
    at Module.load (node:internal/modules/cjs/loader:1037:32)
    at Module._load (node:internal/modules/cjs/loader:878:12)
    at Module.require (node:internal/modules/cjs/loader:1061:19)
    at require (node:internal/modules/cjs/helpers:103:18)
    at Object.<anonymous> (/Volumes/PARK/ReadyOffice/board/myapp/index.js:46:16)
    at Module._compile (node:internal/modules/cjs/loader:1159:14)
    at Module._extensions..js (node:internal/modules/cjs/loader:1213:10)]$
[2023-01-23 12:51:10] ► [Winston 연습 어플리케이션] ▷ [error] : [uncaughtException: Cannot read properties of undefined (reading 'Console')
TypeError: Cannot read properties of undefined (reading 'Console')
    at Object.<anonymous> (/Volumes/PARK/ReadyOffice/board/myapp/modules/logger.js:56:31)
    at Module._compile (node:internal/modules/cjs/loader:1159:14)
    at Module._extensions..js (node:internal/modules/cjs/loader:1213:10)
    at Module.load (node:internal/modules/cjs/loader:1037:32)
    at Module._load (node:internal/modules/cjs/loader:878:12)
    at Module.require (node:internal/modules/cjs/loader:1061:19)
    at require (node:internal/modules/cjs/helpers:103:18)
    at Object.<anonymous> (/Volumes/PARK/ReadyOffice/board/myapp/index.js:46:16)
    at Module._compile (node:internal/modules/cjs/loader:1159:14)
    at Module._extensions..js (node:internal/modules/cjs/loader:1213:10)]$
[2023-01-23 12:51:15] ► [Winston 연습 어플리케이션] ▷ [error] : [uncaughtException: Cannot read properties of undefined (reading 'Console')
TypeError: Cannot read properties of undefined (reading 'Console')
    at Object.<anonymous> (/Volumes/PARK/ReadyOffice/board/myapp/modules/logger.js:56:31)
    at Module._compile (node:internal/modules/cjs/loader:1159:14)
    at Module._extensions..js (node:internal/modules/cjs/loader:1213:10)
    at Module.load (node:internal/modules/cjs/loader:1037:32)
    at Module._load (node:internal/modules/cjs/loader:878:12)
    at Module.require (node:internal/modules/cjs/loader:1061:19)
    at require (node:internal/modules/cjs/helpers:103:18)
    at Object.<anonymous> (/Volumes/PARK/ReadyOffice/board/myapp/index.js:46:16)
    at Module._compile (node:internal/modules/cjs/loader:1159:14)
    at Module._extensions..js (node:internal/modules/cjs/loader:1213:10)]$
[2023-01-23 12:51:28] ► [Winston 연습 어플리케이션] ▷ [error] : [uncaughtException: Cannot read properties of undefined (reading 'Console')
TypeError: Cannot read properties of undefined (reading 'Console')
    at Object.<anonymous> (/Volumes/PARK/ReadyOffice/board/myapp/modules/logger.js:56:31)
    at Module._compile (node:internal/modules/cjs/loader:1159:14)
    at Module._extensions..js (node:internal/modules/cjs/loader:1213:10)
    at Module.load (node:internal/modules/cjs/loader:1037:32)
    at Module._load (node:internal/modules/cjs/loader:878:12)
    at Module.require (node:internal/modules/cjs/loader:1061:19)
    at require (node:internal/modules/cjs/helpers:103:18)
    at Object.<anonymous> (/Volumes/PARK/ReadyOffice/board/myapp/index.js:46:16)
    at Module._compile (node:internal/modules/cjs/loader:1159:14)
    at Module._extensions..js (node:internal/modules/cjs/loader:1213:10)]$
[2023-01-23 12:51:43] ► [Winston 연습 어플리케이션] ▷ [error] : [uncaughtException: Cannot read properties of undefined (reading 'Console')
TypeError: Cannot read properties of undefined (reading 'Console')
    at Object.<anonymous> (/Volumes/PARK/ReadyOffice/board/myapp/modules/logger.js:56:31)
    at Module._compile (node:internal/modules/cjs/loader:1159:14)
    at Module._extensions..js (node:internal/modules/cjs/loader:1213:10)
    at Module.load (node:internal/modules/cjs/loader:1037:32)
    at Module._load (node:internal/modules/cjs/loader:878:12)
    at Module.require (node:internal/modules/cjs/loader:1061:19)
    at require (node:internal/modules/cjs/helpers:103:18)
    at Object.<anonymous> (/Volumes/PARK/ReadyOffice/board/myapp/index.js:46:16)
    at Module._compile (node:internal/modules/cjs/loader:1159:14)
    at Module._extensions..js (node:internal/modules/cjs/loader:1213:10)]$
[2023-01-23 12:53:14] ► [Winston 연습 어플리케이션] ▷ [error] : [uncaughtException: Cannot read properties of undefined (reading 'Console')
TypeError: Cannot read properties of undefined (reading 'Console')
    at Object.<anonymous> (/Volumes/PARK/ReadyOffice/board/myapp/modules/logger.js:56:31)
    at Module._compile (node:internal/modules/cjs/loader:1159:14)
    at Module._extensions..js (node:internal/modules/cjs/loader:1213:10)
    at Module.load (node:internal/modules/cjs/loader:1037:32)
    at Module._load (node:internal/modules/cjs/loader:878:12)
    at Module.require (node:internal/modules/cjs/loader:1061:19)
    at require (node:internal/modules/cjs/helpers:103:18)
    at Object.<anonymous> (/Volumes/PARK/ReadyOffice/board/myapp/index.js:46:16)
    at Module._compile (node:internal/modules/cjs/loader:1159:14)
    at Module._extensions..js (node:internal/modules/cjs/loader:1213:10)]
[2023-01-23 12:53:30]  [Winston 연습 어플리케이션] ▷ [error] : [uncaughtException: Cannot read properties of undefined (reading 'Console')
TypeError: Cannot read properties of undefined (reading 'Console')
    at Object.<anonymous> (/Volumes/PARK/ReadyOffice/board/myapp/modules/logger.js:56:31)
    at Module._compile (node:internal/modules/cjs/loader:1159:14)
    at Module._extensions..js (node:internal/modules/cjs/loader:1213:10)
    at Module.load (node:internal/modules/cjs/loader:1037:32)
    at Module._load (node:internal/modules/cjs/loader:878:12)
    at Module.require (node:internal/modules/cjs/loader:1061:19)
    at require (node:internal/modules/cjs/helpers:103:18)
    at Object.<anonymous> (/Volumes/PARK/ReadyOffice/board/myapp/index.js:46:16)
    at Module._compile (node:internal/modules/cjs/loader:1159:14)
    at Module._extensions..js (node:internal/modules/cjs/loader:1213:10)]
[2023-01-23 12:53:32]  [Winston 연습 어플리케이션]  [error] : [uncaughtException: Cannot read properties of undefined (reading 'Console')
TypeError: Cannot read properties of undefined (reading 'Console')
    at Object.<anonymous> (/Volumes/PARK/ReadyOffice/board/myapp/modules/logger.js:56:31)
    at Module._compile (node:internal/modules/cjs/loader:1159:14)
    at Module._extensions..js (node:internal/modules/cjs/loader:1213:10)
    at Module.load (node:internal/modules/cjs/loader:1037:32)
    at Module._load (node:internal/modules/cjs/loader:878:12)
    at Module.require (node:internal/modules/cjs/loader:1061:19)
    at require (node:internal/modules/cjs/helpers:103:18)
    at Object.<anonymous> (/Volumes/PARK/ReadyOffice/board/myapp/index.js:46:16)
    at Module._compile (node:internal/modules/cjs/loader:1159:14)
    at Module._extensions..js (node:internal/modules/cjs/loader:1213:10)]
[2023-01-23 12:53:40] ► [Winston 연습 어플리케이션] ▷ [error] : [uncaughtException: Cannot read properties of undefined (reading 'Console')
TypeError: Cannot read properties of undefined (reading 'Console')
    at Object.<anonymous> (/Volumes/PARK/ReadyOffice/board/myapp/modules/logger.js:56:31)
    at Module._compile (node:internal/modules/cjs/loader:1159:14)
    at Module._extensions..js (node:internal/modules/cjs/loader:1213:10)
    at Module.load (node:internal/modules/cjs/loader:1037:32)
    at Module._load (node:internal/modules/cjs/loader:878:12)
    at Module.require (node:internal/modules/cjs/loader:1061:19)
    at require (node:internal/modules/cjs/helpers:103:18)
    at Object.<anonymous> (/Volumes/PARK/ReadyOffice/board/myapp/index.js:46:16)
    at Module._compile (node:internal/modules/cjs/loader:1159:14)
    at Module._extensions..js (node:internal/modules/cjs/loader:1213:10)]
[2023-01-23 12:55:14] ► [Winston 연습 어플리케이션] ▷ [error] : [uncaughtException: Cannot read properties of undefined (reading 'Console')
TypeError: Cannot read properties of undefined (reading 'Console')
    at Object.<anonymous> (/Volumes/PARK/ReadyOffice/board/myapp/modules/logger.js:56:31)
    at Module._compile (node:internal/modules/cjs/loader:1159:14)
    at Module._extensions..js (node:internal/modules/cjs/loader:1213:10)
    at Module.load (node:internal/modules/cjs/loader:1037:32)
    at Module._load (node:internal/modules/cjs/loader:878:12)
    at Module.require (node:internal/modules/cjs/loader:1061:19)
    at require (node:internal/modules/cjs/helpers:103:18)
    at Object.<anonymous> (/Volumes/PARK/ReadyOffice/board/myapp/index.js:46:16)
    at Module._compile (node:internal/modules/cjs/loader:1159:14)
    at Module._extensions..js (node:internal/modules/cjs/loader:1213:10)]
[error]:[ 2023-01-23 13:14:57 ] ► [] ▷ [uncaughtException: insert_label is not defined
ReferenceError: insert_label is not defined
    at Object.<anonymous> (/Volumes/PARK/ReadyOffice/board/myapp/modules/logger.js:70:25)
    at Module._compile (node:internal/modules/cjs/loader:1159:14)
    at Module._extensions..js (node:internal/modules/cjs/loader:1213:10)
    at Module.load (node:internal/modules/cjs/loader:1037:32)
    at Module._load (node:internal/modules/cjs/loader:878:12)
    at Module.require (node:internal/modules/cjs/loader:1061:19)
    at require (node:internal/modules/cjs/helpers:103:18)
    at Object.<anonymous> (/Volumes/PARK/ReadyOffice/board/myapp/index.js:46:16)
    at Module._compile (node:internal/modules/cjs/loader:1159:14)
    at Module._extensions..js (node:internal/modules/cjs/loader:1213:10)]
[error]:[ 2023-01-23 13:14:58 ] ► [] ▷ [uncaughtException: insert_label is not defined
ReferenceError: insert_label is not defined
    at Object.<anonymous> (/Volumes/PARK/ReadyOffice/board/myapp/modules/logger.js:70:26)
    at Module._compile (node:internal/modules/cjs/loader:1159:14)
    at Module._extensions..js (node:internal/modules/cjs/loader:1213:10)
    at Module.load (node:internal/modules/cjs/loader:1037:32)
    at Module._load (node:internal/modules/cjs/loader:878:12)
    at Module.require (node:internal/modules/cjs/loader:1061:19)
    at require (node:internal/modules/cjs/helpers:103:18)
    at Object.<anonymous> (/Volumes/PARK/ReadyOffice/board/myapp/index.js:46:16)
    at Module._compile (node:internal/modules/cjs/loader:1159:14)
    at Module._extensions..js (node:internal/modules/cjs/loader:1213:10)]
[error]:[ 2023-01-23 13:15:07 ] ► [] ▷ [uncaughtException: insert_label is not defined
ReferenceError: insert_label is not defined
    at Object.<anonymous> (/Volumes/PARK/ReadyOffice/board/myapp/modules/logger.js:70:27)
    at Module._compile (node:internal/modules/cjs/loader:1159:14)
    at Module._extensions..js (node:internal/modules/cjs/loader:1213:10)
    at Module.load (node:internal/modules/cjs/loader:1037:32)
    at Module._load (node:internal/modules/cjs/loader:878:12)
    at Module.require (node:internal/modules/cjs/loader:1061:19)
    at require (node:internal/modules/cjs/helpers:103:18)
    at Object.<anonymous> (/Volumes/PARK/ReadyOffice/board/myapp/index.js:46:16)
    at Module._compile (node:internal/modules/cjs/loader:1159:14)
    at Module._extensions..js (node:internal/modules/cjs/loader:1213:10)]
[error]:[ 2023-01-23 13:16:12 ] ► [function insert_label(label){
    return label;
}] ▷ [uncaughtException: insert_label is not defined
ReferenceError: insert_label is not defined
    at Object.<anonymous> (/Volumes/PARK/ReadyOffice/board/myapp/modules/logger.js:70:27)
    at Module._compile (node:internal/modules/cjs/loader:1159:14)
    at Module._extensions..js (node:internal/modules/cjs/loader:1213:10)
    at Module.load (node:internal/modules/cjs/loader:1037:32)
    at Module._load (node:internal/modules/cjs/loader:878:12)
    at Module.require (node:internal/modules/cjs/loader:1061:19)
    at require (node:internal/modules/cjs/helpers:103:18)
    at Object.<anonymous> (/Volumes/PARK/ReadyOffice/board/myapp/index.js:46:16)
    at Module._compile (node:internal/modules/cjs/loader:1159:14)
    at Module._extensions..js (node:internal/modules/cjs/loader:1213:10)]
[error]:[ 2023-01-23 13:16:14 ] ► [function insert_label(label) {
    return label;
}] ▷ [uncaughtException: insert_label is not defined
ReferenceError: insert_label is not defined
    at Object.<anonymous> (/Volumes/PARK/ReadyOffice/board/myapp/modules/logger.js:70:28)
    at Module._compile (node:internal/modules/cjs/loader:1159:14)
    at Module._extensions..js (node:internal/modules/cjs/loader:1213:10)
    at Module.load (node:internal/modules/cjs/loader:1037:32)
    at Module._load (node:internal/modules/cjs/loader:878:12)
    at Module.require (node:internal/modules/cjs/loader:1061:19)
    at require (node:internal/modules/cjs/helpers:103:18)
    at Object.<anonymous> (/Volumes/PARK/ReadyOffice/board/myapp/index.js:46:16)
    at Module._compile (node:internal/modules/cjs/loader:1159:14)
    at Module._extensions..js (node:internal/modules/cjs/loader:1213:10)]
[error]:[ 2023-01-23 13:16:30 ] ► [function insert_label(label) {
    return label;
}] ▷ [uncaughtException: logger.info is not a function
TypeError: logger.info is not a function
    at Server.<anonymous> (/Volumes/PARK/ReadyOffice/board/myapp/index.js:49:12)
    at Object.onceWrapper (node:events:627:28)
    at Server.emit (node:events:525:35)
    at emitListeningNT (node:net:1519:10)
    at process.processTicksAndRejections (node:internal/process/task_queues:81:21)]
[error]:[ 2023-01-23 13:16:45 ] ► [function insert_label(label) {
    return label;
}] ▷ [uncaughtException: logger.info is not a function
TypeError: logger.info is not a function
    at Server.<anonymous> (/Volumes/PARK/ReadyOffice/board/myapp/index.js:49:12)
    at Object.onceWrapper (node:events:627:28)
    at Server.emit (node:events:525:35)
    at emitListeningNT (node:net:1519:10)
    at process.processTicksAndRejections (node:internal/process/task_queues:81:21)]
[error]:[ 2023-01-23 13:16:48 ] ► [function insert_label(label) {
    return label;
}] ▷ [uncaughtException: logger.info is not a function
TypeError: logger.info is not a function
    at Server.<anonymous> (/Volumes/PARK/ReadyOffice/board/myapp/index.js:49:12)
    at Object.onceWrapper (node:events:627:28)
    at Server.emit (node:events:525:35)
    at emitListeningNT (node:net:1519:10)
    at process.processTicksAndRejections (node:internal/process/task_queues:81:21)]
[error]:[ 2023-01-23 13:16:53 ] ► [function insert_label(label) {
    return label;
}] ▷ [uncaughtException: logger.info is not a function
TypeError: logger.info is not a function
    at Server.<anonymous> (/Volumes/PARK/ReadyOffice/board/myapp/index.js:49:12)
    at Object.onceWrapper (node:events:627:28)
    at Server.emit (node:events:525:35)
    at emitListeningNT (node:net:1519:10)
    at process.processTicksAndRejections (node:internal/process/task_queues:81:21)]
[error]:[ 2023-01-23 13:17:00 ] ► [function insert_label(label) {
    return label;
}] ▷ [uncaughtException: logger.info is not a function
TypeError: logger.info is not a function
    at Server.<anonymous> (/Volumes/PARK/ReadyOffice/board/myapp/index.js:49:12)
    at Object.onceWrapper (node:events:627:28)
    at Server.emit (node:events:525:35)
    at emitListeningNT (node:net:1519:10)
    at process.processTicksAndRejections (node:internal/process/task_queues:81:21)]
[error]:[ 2023-01-23 13:17:01 ] ► [function insert_label(label) {
    return label;
}] ▷ [uncaughtException: logger.info is not a function
TypeError: logger.info is not a function
    at Server.<anonymous> (/Volumes/PARK/ReadyOffice/board/myapp/index.js:49:12)
    at Object.onceWrapper (node:events:627:28)
    at Server.emit (node:events:525:35)
    at emitListeningNT (node:net:1519:10)
    at process.processTicksAndRejections (node:internal/process/task_queues:81:21)]
[error]:[ 2023-01-23 13:17:43 ] ► [function insert_label(label) {
    return label;
}] ▷ [uncaughtException: insert_label is not defined
ReferenceError: insert_label is not defined
    at Object.<anonymous> (/Volumes/PARK/ReadyOffice/board/myapp/modules/logger.js:71:28)
    at Module._compile (node:internal/modules/cjs/loader:1159:14)
    at Module._extensions..js (node:internal/modules/cjs/loader:1213:10)
    at Module.load (node:internal/modules/cjs/loader:1037:32)
    at Module._load (node:internal/modules/cjs/loader:878:12)
    at Module.require (node:internal/modules/cjs/loader:1061:19)
    at require (node:internal/modules/cjs/helpers:103:18)
    at Object.<anonymous> (/Volumes/PARK/ReadyOffice/board/myapp/index.js:46:16)
    at Module._compile (node:internal/modules/cjs/loader:1159:14)
    at Module._extensions..js (node:internal/modules/cjs/loader:1213:10)]
[error]:[ 2023-01-23 13:18:05 ] ► [function insert_label(label) {
    return label;
}] ▷ [uncaughtException: insert_label is not defined
ReferenceError: insert_label is not defined
    at Object.<anonymous> (/Volumes/PARK/ReadyOffice/board/myapp/modules/logger.js:71:28)
    at Module._compile (node:internal/modules/cjs/loader:1159:14)
    at Module._extensions..js (node:internal/modules/cjs/loader:1213:10)
    at Module.load (node:internal/modules/cjs/loader:1037:32)
    at Module._load (node:internal/modules/cjs/loader:878:12)
    at Module.require (node:internal/modules/cjs/loader:1061:19)
    at require (node:internal/modules/cjs/helpers:103:18)
    at Object.<anonymous> (/Volumes/PARK/ReadyOffice/board/myapp/index.js:46:16)
    at Module._compile (node:internal/modules/cjs/loader:1159:14)
    at Module._extensions..js (node:internal/modules/cjs/loader:1213:10)]
[error]:[ 2023-01-23 13:18:07 ] ► [function insert_label(label) {
    return label;
}] ▷ [uncaughtException: insert_label is not defined
ReferenceError: insert_label is not defined
    at Object.<anonymous> (/Volumes/PARK/ReadyOffice/board/myapp/modules/logger.js:71:28)
    at Module._compile (node:internal/modules/cjs/loader:1159:14)
    at Module._extensions..js (node:internal/modules/cjs/loader:1213:10)
    at Module.load (node:internal/modules/cjs/loader:1037:32)
    at Module._load (node:internal/modules/cjs/loader:878:12)
    at Module.require (node:internal/modules/cjs/loader:1061:19)
    at require (node:internal/modules/cjs/helpers:103:18)
    at Object.<anonymous> (/Volumes/PARK/ReadyOffice/board/myapp/index.js:46:16)
    at Module._compile (node:internal/modules/cjs/loader:1159:14)
    at Module._extensions..js (node:internal/modules/cjs/loader:1213:10)]
[error]:[ 2023-01-23 13:18:11 ] ► [function insert_label(label) {
    return label;
}] ▷ [uncaughtException: insert_label is not defined
ReferenceError: insert_label is not defined
    at Object.<anonymous> (/Volumes/PARK/ReadyOffice/board/myapp/modules/logger.js:71:28)
    at Module._compile (node:internal/modules/cjs/loader:1159:14)
    at Module._extensions..js (node:internal/modules/cjs/loader:1213:10)
    at Module.load (node:internal/modules/cjs/loader:1037:32)
    at Module._load (node:internal/modules/cjs/loader:878:12)
    at Module.require (node:internal/modules/cjs/loader:1061:19)
    at require (node:internal/modules/cjs/helpers:103:18)
    at Object.<anonymous> (/Volumes/PARK/ReadyOffice/board/myapp/index.js:46:16)
    at Module._compile (node:internal/modules/cjs/loader:1159:14)
    at Module._extensions..js (node:internal/modules/cjs/loader:1213:10)]
[error]:[ 2023-01-23 13:18:17 ] ► [function insert_label(label) {
    return label;
}] ▷ [uncaughtException: insert_label is not defined
ReferenceError: insert_label is not defined
    at Object.<anonymous> (/Volumes/PARK/ReadyOffice/board/myapp/modules/logger.js:71:28)
    at Module._compile (node:internal/modules/cjs/loader:1159:14)
    at Module._extensions..js (node:internal/modules/cjs/loader:1213:10)
    at Module.load (node:internal/modules/cjs/loader:1037:32)
    at Module._load (node:internal/modules/cjs/loader:878:12)
    at Module.require (node:internal/modules/cjs/loader:1061:19)
    at require (node:internal/modules/cjs/helpers:103:18)
    at Object.<anonymous> (/Volumes/PARK/ReadyOffice/board/myapp/index.js:46:16)
    at Module._compile (node:internal/modules/cjs/loader:1159:14)
    at Module._extensions..js (node:internal/modules/cjs/loader:1213:10)]
[error]:[ 2023-01-23 13:20:27 ] ► [] ▷ [uncaughtException: logger.info is not a function
TypeError: logger.info is not a function
    at Server.<anonymous> (/Volumes/PARK/ReadyOffice/board/myapp/index.js:50:12)
    at Object.onceWrapper (node:events:627:28)
    at Server.emit (node:events:525:35)
    at emitListeningNT (node:net:1519:10)
    at process.processTicksAndRejections (node:internal/process/task_queues:81:21)]
[error]:[ 2023-01-23 13:20:29 ] ► [] ▷ [uncaughtException: logger.info is not a function
TypeError: logger.info is not a function
    at Server.<anonymous> (/Volumes/PARK/ReadyOffice/board/myapp/index.js:50:12)
    at Object.onceWrapper (node:events:627:28)
    at Server.emit (node:events:525:35)
    at emitListeningNT (node:net:1519:10)
    at process.processTicksAndRejections (node:internal/process/task_queues:81:21)]
[error]:[ 2023-01-23 13:20:32 ] ► [] ▷ [uncaughtException: logger.info is not a function
TypeError: logger.info is not a function
    at Server.<anonymous> (/Volumes/PARK/ReadyOffice/board/myapp/index.js:50:12)
    at Object.onceWrapper (node:events:627:28)
    at Server.emit (node:events:525:35)
    at emitListeningNT (node:net:1519:10)
    at process.processTicksAndRejections (node:internal/process/task_queues:81:21)]
[error]:[ 2023-01-23 13:21:17 ] ► [] ▷ [uncaughtException: logger.insert_label is not a function
TypeError: logger.insert_label is not a function
    at Server.<anonymous> (/Volumes/PARK/ReadyOffice/board/myapp/index.js:49:12)
    at Object.onceWrapper (node:events:627:28)
    at Server.emit (node:events:525:35)
    at emitListeningNT (node:net:1519:10)
    at process.processTicksAndRejections (node:internal/process/task_queues:81:21)]
[error]:[ 2023-01-23 13:21:25 ] ► [] ▷ [uncaughtException: logger.insert_label is not a function
TypeError: logger.insert_label is not a function
    at Server.<anonymous> (/Volumes/PARK/ReadyOffice/board/myapp/index.js:49:12)
    at Object.onceWrapper (node:events:627:28)
    at Server.emit (node:events:525:35)
    at emitListeningNT (node:net:1519:10)
    at process.processTicksAndRejections (node:internal/process/task_queues:81:21)]
[error]:[ 2023-01-23 13:21:52 ] ► [] ▷ [uncaughtException: insert_label is not defined
ReferenceError: insert_label is not defined
    at Object.<anonymous> (/Volumes/PARK/ReadyOffice/board/myapp/modules/logger.js:68:26)
    at Module._compile (node:internal/modules/cjs/loader:1159:14)
    at Module._extensions..js (node:internal/modules/cjs/loader:1213:10)
    at Module.load (node:internal/modules/cjs/loader:1037:32)
    at Module._load (node:internal/modules/cjs/loader:878:12)
    at Module.require (node:internal/modules/cjs/loader:1061:19)
    at require (node:internal/modules/cjs/helpers:103:18)
    at Object.<anonymous> (/Volumes/PARK/ReadyOffice/board/myapp/index.js:46:16)
    at Module._compile (node:internal/modules/cjs/loader:1159:14)
    at Module._extensions..js (node:internal/modules/cjs/loader:1213:10)]
[error]:[ 2023-01-23 13:22:31 ] ► [] ▷ [uncaughtException: insert_label is not defined
ReferenceError: insert_label is not defined
    at Object.<anonymous> (/Volumes/PARK/ReadyOffice/board/myapp/modules/logger.js:68:26)
    at Module._compile (node:internal/modules/cjs/loader:1159:14)
    at Module._extensions..js (node:internal/modules/cjs/loader:1213:10)
    at Module.load (node:internal/modules/cjs/loader:1037:32)
    at Module._load (node:internal/modules/cjs/loader:878:12)
    at Module.require (node:internal/modules/cjs/loader:1061:19)
    at require (node:internal/modules/cjs/helpers:103:18)
    at Object.<anonymous> (/Volumes/PARK/ReadyOffice/board/myapp/index.js:46:16)
    at Module._compile (node:internal/modules/cjs/loader:1159:14)
    at Module._extensions..js (node:internal/modules/cjs/loader:1213:10)]
[error]:[ 2023-01-23 13:22:35 ] ► [] ▷ [uncaughtException: insert_label is not defined
ReferenceError: insert_label is not defined
    at Object.<anonymous> (/Volumes/PARK/ReadyOffice/board/myapp/modules/logger.js:68:27)
    at Module._compile (node:internal/modules/cjs/loader:1159:14)
    at Module._extensions..js (node:internal/modules/cjs/loader:1213:10)
    at Module.load (node:internal/modules/cjs/loader:1037:32)
    at Module._load (node:internal/modules/cjs/loader:878:12)
    at Module.require (node:internal/modules/cjs/loader:1061:19)
    at require (node:internal/modules/cjs/helpers:103:18)
    at Object.<anonymous> (/Volumes/PARK/ReadyOffice/board/myapp/index.js:46:16)
    at Module._compile (node:internal/modules/cjs/loader:1159:14)
    at Module._extensions..js (node:internal/modules/cjs/loader:1213:10)]
[error]:[ 2023-01-23 13:22:45 ] ► [] ▷ [uncaughtException: insert_label is not defined
ReferenceError: insert_label is not defined
    at Object.<anonymous> (/Volumes/PARK/ReadyOffice/board/myapp/modules/logger.js:68:26)
    at Module._compile (node:internal/modules/cjs/loader:1159:14)
    at Module._extensions..js (node:internal/modules/cjs/loader:1213:10)
    at Module.load (node:internal/modules/cjs/loader:1037:32)
    at Module._load (node:internal/modules/cjs/loader:878:12)
    at Module.require (node:internal/modules/cjs/loader:1061:19)
    at require (node:internal/modules/cjs/helpers:103:18)
    at Object.<anonymous> (/Volumes/PARK/ReadyOffice/board/myapp/index.js:46:16)
    at Module._compile (node:internal/modules/cjs/loader:1159:14)
    at Module._extensions..js (node:internal/modules/cjs/loader:1213:10)]
[error]:[ 2023-01-23 13:22:48 ] ► [] ▷ [uncaughtException: logger.insert_label is not a function
TypeError: logger.insert_label is not a function
    at Server.<anonymous> (/Volumes/PARK/ReadyOffice/board/myapp/index.js:49:12)
    at Object.onceWrapper (node:events:627:28)
    at Server.emit (node:events:525:35)
    at emitListeningNT (node:net:1519:10)
    at process.processTicksAndRejections (node:internal/process/task_queues:81:21)]
[error]:[ 2023-01-23 13:22:54 ] ► [] ▷ [uncaughtException: logger.insert_label is not a function
TypeError: logger.insert_label is not a function
    at Server.<anonymous> (/Volumes/PARK/ReadyOffice/board/myapp/index.js:49:12)
    at Object.onceWrapper (node:events:627:28)
    at Server.emit (node:events:525:35)
    at emitListeningNT (node:net:1519:10)
    at process.processTicksAndRejections (node:internal/process/task_queues:81:21)]
[error]:[ 2023-01-23 13:23:32 ] ► [] ▷ [uncaughtException: Cannot read properties of undefined (reading 'info')
TypeError: Cannot read properties of undefined (reading 'info')
    at Server.<anonymous> (/Volumes/PARK/ReadyOffice/board/myapp/index.js:50:12)
    at Object.onceWrapper (node:events:627:28)
    at Server.emit (node:events:525:35)
    at emitListeningNT (node:net:1519:10)
    at process.processTicksAndRejections (node:internal/process/task_queues:81:21)]
[error]:[ 2023-01-23 13:27:24 ] ► [] ▷ [uncaughtException: logger.info is not a function
TypeError: logger.info is not a function
    at Server.<anonymous> (/Volumes/PARK/ReadyOffice/board/myapp/index.js:50:12)
    at Object.onceWrapper (node:events:627:28)
    at Server.emit (node:events:525:35)
    at emitListeningNT (node:net:1519:10)
    at process.processTicksAndRejections (node:internal/process/task_queues:81:21)]
[error]:[ 2023-01-23 13:28:58 ] ► [] ▷ [uncaughtException: Cannot read properties of undefined (reading 'logger')
TypeError: Cannot read properties of undefined (reading 'logger')
    at Server.<anonymous> (/Volumes/PARK/ReadyOffice/board/myapp/index.js:50:5)
    at Object.onceWrapper (node:events:627:28)
    at Server.emit (node:events:525:35)
    at emitListeningNT (node:net:1519:10)
    at process.processTicksAndRejections (node:internal/process/task_queues:81:21)]
[error]:[ 2023-01-23 13:29:11 ] ► [] ▷ [uncaughtException: label is not a function
TypeError: label is not a function
    at Server.<anonymous> (/Volumes/PARK/ReadyOffice/board/myapp/index.js:49:5)
    at Object.onceWrapper (node:events:627:28)
    at Server.emit (node:events:525:35)
    at emitListeningNT (node:net:1519:10)
    at process.processTicksAndRejections (node:internal/process/task_queues:81:21)]
[error]:[ 2023-01-23 13:29:21 ] ► [] ▷ [uncaughtException: label is not a function
TypeError: label is not a function
    at Server.<anonymous> (/Volumes/PARK/ReadyOffice/board/myapp/index.js:49:5)
    at Object.onceWrapper (node:events:627:28)
    at Server.emit (node:events:525:35)
    at emitListeningNT (node:net:1519:10)
    at process.processTicksAndRejections (node:internal/process/task_queues:81:21)]
[error]:[ 2023-01-23 13:32:31 ] ► [function insert_label(label) {
    labels = label;
    console.log(labels);
}] ▷ [uncaughtException: insert_label is not defined
ReferenceError: insert_label is not defined
    at Object.<anonymous> (/Volumes/PARK/ReadyOffice/board/myapp/modules/logger.js:72:26)
    at Module._compile (node:internal/modules/cjs/loader:1159:14)
    at Module._extensions..js (node:internal/modules/cjs/loader:1213:10)
    at Module.load (node:internal/modules/cjs/loader:1037:32)
    at Module._load (node:internal/modules/cjs/loader:878:12)
    at Module.require (node:internal/modules/cjs/loader:1061:19)
    at require (node:internal/modules/cjs/helpers:103:18)
    at Object.<anonymous> (/Volumes/PARK/ReadyOffice/board/myapp/index.js:46:32)
    at Module._compile (node:internal/modules/cjs/loader:1159:14)
    at Module._extensions..js (node:internal/modules/cjs/loader:1213:10)]
[error]:[ 2023-01-23 13:32:36 ] ► [function insert_label(label) {
    return labels = label;
    console.log(labels);
}] ▷ [uncaughtException: insert_label is not defined
ReferenceError: insert_label is not defined
    at Object.<anonymous> (/Volumes/PARK/ReadyOffice/board/myapp/modules/logger.js:72:26)
    at Module._compile (node:internal/modules/cjs/loader:1159:14)
    at Module._extensions..js (node:internal/modules/cjs/loader:1213:10)
    at Module.load (node:internal/modules/cjs/loader:1037:32)
    at Module._load (node:internal/modules/cjs/loader:878:12)
    at Module.require (node:internal/modules/cjs/loader:1061:19)
    at require (node:internal/modules/cjs/helpers:103:18)
    at Object.<anonymous> (/Volumes/PARK/ReadyOffice/board/myapp/index.js:46:32)
    at Module._compile (node:internal/modules/cjs/loader:1159:14)
    at Module._extensions..js (node:internal/modules/cjs/loader:1213:10)]
[error]:[ 2023-01-23 13:32:38 ] ► [function insert_label(label) {
    return labels = label;
}] ▷ [uncaughtException: insert_label is not defined
ReferenceError: insert_label is not defined
    at Object.<anonymous> (/Volumes/PARK/ReadyOffice/board/myapp/modules/logger.js:71:26)
    at Module._compile (node:internal/modules/cjs/loader:1159:14)
    at Module._extensions..js (node:internal/modules/cjs/loader:1213:10)
    at Module.load (node:internal/modules/cjs/loader:1037:32)
    at Module._load (node:internal/modules/cjs/loader:878:12)
    at Module.require (node:internal/modules/cjs/loader:1061:19)
    at require (node:internal/modules/cjs/helpers:103:18)
    at Object.<anonymous> (/Volumes/PARK/ReadyOffice/board/myapp/index.js:46:32)
    at Module._compile (node:internal/modules/cjs/loader:1159:14)
    at Module._extensions..js (node:internal/modules/cjs/loader:1213:10)]
[error]:[ 2023-01-23 13:32:40 ] ► [function insert_label(label) {
    console.log(labels);
    return labels = label;
}] ▷ [uncaughtException: insert_label is not defined
ReferenceError: insert_label is not defined
    at Object.<anonymous> (/Volumes/PARK/ReadyOffice/board/myapp/modules/logger.js:72:26)
    at Module._compile (node:internal/modules/cjs/loader:1159:14)
    at Module._extensions..js (node:internal/modules/cjs/loader:1213:10)
    at Module.load (node:internal/modules/cjs/loader:1037:32)
    at Module._load (node:internal/modules/cjs/loader:878:12)
    at Module.require (node:internal/modules/cjs/loader:1061:19)
    at require (node:internal/modules/cjs/helpers:103:18)
    at Object.<anonymous> (/Volumes/PARK/ReadyOffice/board/myapp/index.js:46:32)
    at Module._compile (node:internal/modules/cjs/loader:1159:14)
    at Module._extensions..js (node:internal/modules/cjs/loader:1213:10)]
[error]:[ 2023-01-23 13:32:48 ] ► [function insert_label(label) {
    console.log(labels);
    return labels = label;
}] ▷ [uncaughtException: insert_label is not defined
ReferenceError: insert_label is not defined
    at Object.<anonymous> (/Volumes/PARK/ReadyOffice/board/myapp/modules/logger.js:71:26)
    at Module._compile (node:internal/modules/cjs/loader:1159:14)
    at Module._extensions..js (node:internal/modules/cjs/loader:1213:10)
    at Module.load (node:internal/modules/cjs/loader:1037:32)
    at Module._load (node:internal/modules/cjs/loader:878:12)
    at Module.require (node:internal/modules/cjs/loader:1061:19)
    at require (node:internal/modules/cjs/helpers:103:18)
    at Object.<anonymous> (/Volumes/PARK/ReadyOffice/board/myapp/index.js:46:32)
    at Module._compile (node:internal/modules/cjs/loader:1159:14)
    at Module._extensions..js (node:internal/modules/cjs/loader:1213:10)]
[error]:[ 2023-01-23 13:33:09 ] ► [function insert_label(label) {
    console.log(labels);
    return labels = label;
}] ▷ [uncaughtException: insert_label is not a function
TypeError: insert_label is not a function
    at Server.<anonymous> (/Volumes/PARK/ReadyOffice/board/myapp/index.js:49:5)
    at Object.onceWrapper (node:events:627:28)
    at Server.emit (node:events:525:35)
    at emitListeningNT (node:net:1519:10)
    at process.processTicksAndRejections (node:internal/process/task_queues:81:21)]
[error]:[ 2023-01-23 13:33:13 ] ► [function insert_label(label) {
    console.log(labels);
    return labels = label;
}] ▷ [uncaughtException: insert_label is not defined
ReferenceError: insert_label is not defined
    at Server.<anonymous> (/Volumes/PARK/ReadyOffice/board/myapp/index.js:49:5)
    at Object.onceWrapper (node:events:627:28)
    at Server.emit (node:events:525:35)
    at emitListeningNT (node:net:1519:10)
    at process.processTicksAndRejections (node:internal/process/task_queues:81:21)]
[error]:[ 2023-01-23 13:33:19 ] ► [function insert_label(label) {
    console.log(labels);
    return labels = label;
}] ▷ [uncaughtException: label.in is not a function
TypeError: label.in is not a function
    at Server.<anonymous> (/Volumes/PARK/ReadyOffice/board/myapp/index.js:49:13)
    at Object.onceWrapper (node:events:627:28)
    at Server.emit (node:events:525:35)
    at emitListeningNT (node:net:1519:10)
    at process.processTicksAndRejections (node:internal/process/task_queues:81:21)]
[error]:[ 2023-01-23 13:33:21 ] ► [function insert_label(label) {
    console.log(labels);
    return labels = label;
}] ▷ [uncaughtException: insert_label is not defined
ReferenceError: insert_label is not defined
    at Server.<anonymous> (/Volumes/PARK/ReadyOffice/board/myapp/index.js:49:5)
    at Object.onceWrapper (node:events:627:28)
    at Server.emit (node:events:525:35)
    at emitListeningNT (node:net:1519:10)
    at process.processTicksAndRejections (node:internal/process/task_queues:81:21)]
[error]:[ 2023-01-23 13:33:23 ] ► [function insert_label(label) {
    console.log(labels);
    return labels = label;
}] ▷ [uncaughtException: insert_label is not a function
TypeError: insert_label is not a function
    at Server.<anonymous> (/Volumes/PARK/ReadyOffice/board/myapp/index.js:49:5)
    at Object.onceWrapper (node:events:627:28)
    at Server.emit (node:events:525:35)
    at emitListeningNT (node:net:1519:10)
    at process.processTicksAndRejections (node:internal/process/task_queues:81:21)]
[error]:[ 2023-01-23 13:59:13 ] ► [중고책 거래 사이트] ▷ [uncaughtException: Unexpected token ','
/Volumes/PARK/ReadyOffice/board/myapp/models/books.js:118
                    , [board_id], (err, result, fields) => {
                    ^

SyntaxError: Unexpected token ','
    at Object.compileFunction (node:vm:360:18)
    at wrapSafe (node:internal/modules/cjs/loader:1088:15)
    at Module._compile (node:internal/modules/cjs/loader:1123:27)
    at Module._extensions..js (node:internal/modules/cjs/loader:1213:10)
    at Module.load (node:internal/modules/cjs/loader:1037:32)
    at Module._load (node:internal/modules/cjs/loader:878:12)
    at Module.require (node:internal/modules/cjs/loader:1061:19)
    at require (node:internal/modules/cjs/helpers:103:18)
    at Object.<anonymous> (/Volumes/PARK/ReadyOffice/board/myapp/controller/BoardController.js:2:14)
    at Module._compile (node:internal/modules/cjs/loader:1159:14)]
